mktextfm SourceSansPro
mktextfm SourceSansPro
mktextfm SourceSansPro
mktextfm SourceSansPro/BI
mktextfm SourceSansPro
mktextfm SourceSansPro/B
mktextfm SourceSansPro
mktextfm SourceSansPro/I
mktextfm SourceSansPro
mktextfm SourceSansPro
mktextfm SourceSansPro
mktextfm SourceCodePro
mktextfm SourceCodePro
mktextfm SourceCodePro
mktextfm SourceCodePro/BI
mktextfm SourceCodePro
mktextfm SourceCodePro/B
mktextfm SourceCodePro
mktextfm SourceCodePro/I
mktextfm SourceCodePro
mktextfm SourceCodePro
mktextfm SourceSansPro
mktextfm SourceCodePro
mktextfm SourceSansPro
mktextfm SourceSansPro
mktextfm SourceSansPro
mktextfm SourceSansPro
mktextfm SourceSansPro
mktextfm SourceSansPro
mktextfm SourceSansPro
mktextfm SourceSansPro
mktextfm SourceSansPro
mktextfm SourceSansPro
mktextfm SourceSansPro
